2024-09-20 15:12:38,120 [INFO] Activator:176 - 


2024-09-20 15:12:38,123 [INFO] Activator:177 - !SESSION log4j initialized
2024-09-20 15:12:39,355 [ERROR] LogOutputStream:75 - [STDERR_REDIRECT] 
2024-09-20 15:12:40,007 [INFO] LogOutputStream:77 - [STDOUT_REDIRECT] 
2024-09-20 15:12:41,348 [INFO] LogOutputStream:77 - [STDOUT_REDIRECT] 
2024-09-20 15:12:43,304 [INFO] ApplicationProperties:184 - Using Application install path: /Applications/STM32CubeIDE.app/Contents/Eclipse/plugins/com.st.stm32cube.common.mx_6.10.0.202311202037
2024-09-20 15:12:43,319 [INFO] DbMcusXml:78 - Set database path to: /Applications/STM32CubeIDE.app/Contents/Eclipse/plugins/com.st.stm32cube.common.mx_6.10.0.202311202037//db//mcu/
2024-09-20 15:12:43,319 [INFO] ApiDb:274 - Set plugin database path to: /Applications/STM32CubeIDE.app/Contents/Eclipse/plugins/com.st.stm32cube.common.mx_6.10.0.202311202037//db//plugins/boardmanager/
2024-09-20 15:12:43,320 [WARN] ApiDb:259 - Overriding images path with different value:  => /Applications/STM32CubeIDE.app/Contents/Eclipse/plugins/com.st.stm32cube.common.mx_6.10.0.202311202037//db//plugins/mcufinder/images/
2024-09-20 15:12:43,326 [INFO] ApiDb:250 - Set database path to: /Users/novelalam/.stmcufinder/plugins/mcufinder//mcu/
2024-09-20 15:12:43,327 [INFO] DbMcusAds:125 - Set database path to: /Users/novelalam/.stmcufinder/plugins/mcufinder//mcu/
2024-09-20 15:12:43,329 [INFO] CrossReferenceDbSqlite:203 - Set database path to: /Users/novelalam/.stmcufinder/plugins/mcufinder//mcu/cs/
2024-09-20 15:12:43,496 [INFO] RulesReader:64 - Compatibility file has been processed (297 Rules)
2024-09-20 15:12:43,564 [INFO] DbMcusXml:78 - Set database path to: /Applications/STM32CubeIDE.app/Contents/Eclipse/plugins/com.st.stm32cube.common.mx_6.10.0.202311202037//db//mcu/
2024-09-20 15:12:43,564 [INFO] ApiDb:274 - Set plugin database path to: /Applications/STM32CubeIDE.app/Contents/Eclipse/plugins/com.st.stm32cube.common.mx_6.10.0.202311202037//db//plugins/boardmanager/
2024-09-20 15:12:43,565 [INFO] ApiDb:261 - Set plugin images path to: /Applications/STM32CubeIDE.app/Contents/Eclipse/plugins/com.st.stm32cube.common.mx_6.10.0.202311202037//db//plugins/mcufinder/images/
2024-09-20 15:12:43,565 [WARN] DbFile:41 - Overriding database path with different value: /Users/novelalam/.stmcufinder/plugins/mcufinder/ => /Users/novelalam/.stmcufinder/plugins/mcufinder
2024-09-20 15:12:43,565 [INFO] ApiDb:250 - Set database path to: /Users/novelalam/.stmcufinder/plugins/mcufinder//mcu/
2024-09-20 15:12:43,565 [WARN] DbFile:41 - Overriding database path with different value: /Users/novelalam/.stmcufinder/plugins/mcufinder/ => /Users/novelalam/.stmcufinder/plugins/mcufinder
2024-09-20 15:12:43,565 [INFO] DbMcusAds:125 - Set database path to: /Users/novelalam/.stmcufinder/plugins/mcufinder//mcu/
2024-09-20 15:12:43,565 [WARN] DbFile:41 - Overriding database path with different value: /Users/novelalam/.stmcufinder/plugins/mcufinder/ => /Users/novelalam/.stmcufinder/plugins/mcufinder
2024-09-20 15:12:43,565 [WARN] DbFile:41 - Overriding database path with different value: /Users/novelalam/.stmcufinder/plugins/mcufinder/ => /Users/novelalam/.stmcufinder/plugins/mcufinder
2024-09-20 15:12:43,565 [INFO] CrossReferenceDbSqlite:203 - Set database path to: /Users/novelalam/.stmcufinder/plugins/mcufinder//mcu/cs/
2024-09-20 15:12:43,634 [INFO] MainPanel:264 - HeapMemory: 275775488
2024-09-20 15:12:43,723 [INFO] DbMcusXml:78 - Set database path to: /Applications/STM32CubeIDE.app/Contents/Eclipse/plugins/com.st.stm32cube.common.mx_6.10.0.202311202037//db//mcu/
2024-09-20 15:12:43,723 [INFO] ApiDb:274 - Set plugin database path to: /Applications/STM32CubeIDE.app/Contents/Eclipse/plugins/com.st.stm32cube.common.mx_6.10.0.202311202037//db//plugins/boardmanager/
2024-09-20 15:12:43,724 [INFO] ApiDb:261 - Set plugin images path to: /Applications/STM32CubeIDE.app/Contents/Eclipse/plugins/com.st.stm32cube.common.mx_6.10.0.202311202037//db//plugins/mcufinder/images/
2024-09-20 15:12:43,724 [WARN] DbFile:41 - Overriding database path with different value: /Users/novelalam/.stmcufinder/plugins/mcufinder/ => /Users/novelalam/.stmcufinder/plugins/mcufinder
2024-09-20 15:12:43,724 [INFO] ApiDb:250 - Set database path to: /Users/novelalam/.stmcufinder/plugins/mcufinder//mcu/
2024-09-20 15:12:43,724 [WARN] DbFile:41 - Overriding database path with different value: /Users/novelalam/.stmcufinder/plugins/mcufinder/ => /Users/novelalam/.stmcufinder/plugins/mcufinder
2024-09-20 15:12:43,724 [INFO] DbMcusAds:125 - Set database path to: /Users/novelalam/.stmcufinder/plugins/mcufinder//mcu/
2024-09-20 15:12:43,724 [WARN] DbFile:41 - Overriding database path with different value: /Users/novelalam/.stmcufinder/plugins/mcufinder/ => /Users/novelalam/.stmcufinder/plugins/mcufinder
2024-09-20 15:12:43,724 [WARN] DbFile:41 - Overriding database path with different value: /Users/novelalam/.stmcufinder/plugins/mcufinder/ => /Users/novelalam/.stmcufinder/plugins/mcufinder
2024-09-20 15:12:43,724 [INFO] CrossReferenceDbSqlite:203 - Set database path to: /Users/novelalam/.stmcufinder/plugins/mcufinder//mcu/cs/
2024-09-20 15:12:43,740 [INFO] ApplicationProperties:184 - Using Application install path: /Applications/STM32CubeIDE.app/Contents/Eclipse/plugins/com.st.stm32cube.common.mx_6.10.0.202311202037
2024-09-20 15:12:43,742 [INFO] PluginManage:196 - Search for loadable plugins [exclusion list=, ]
2024-09-20 15:12:43,744 [INFO] PluginManage:310 - Check plugin analytics
2024-09-20 15:12:43,961 [INFO] AnalyticsPlugin:253 - Accepted Software Licenses: 
2024-09-20 15:12:43,961 [INFO] AnalyticsPlugin:255 - Accepted CMSIS Pack Licenses: 
2024-09-20 15:12:43,961 [INFO] AnalyticsPlugin:257 - Accepted Firmware Licenses: FW.F4.1.27.0,FW.F4.1.28.0
2024-09-20 15:12:43,975 [INFO] PluginManage:359 - Loaded plugin analytics (category:tool,tabindex:-1)
2024-09-20 15:12:43,977 [INFO] PluginManage:310 - Check plugin cadmodel
2024-09-20 15:12:44,141 [INFO] CADModel:105 - Init CAD model plugin
2024-09-20 15:12:44,142 [INFO] PluginManage:359 - Loaded plugin cadmodel (category:power,tabindex:5)
2024-09-20 15:12:44,145 [INFO] PluginManage:310 - Check plugin clock
2024-09-20 15:12:44,159 [INFO] PluginManage:359 - Loaded plugin clock (category:base,tabindex:2)
2024-09-20 15:12:44,159 [INFO] PluginManage:310 - Check plugin ddr
2024-09-20 15:12:44,162 [INFO] PluginManage:359 - Loaded plugin ddr (category:tool,tabindex:6)
2024-09-20 15:12:44,162 [INFO] PluginManage:310 - Check plugin filemanager
2024-09-20 15:12:44,332 [INFO] PluginManage:359 - Loaded plugin filemanager (category:base,tabindex:10)
2024-09-20 15:12:44,332 [INFO] PluginManage:310 - Check plugin ipmanager
2024-09-20 15:12:44,338 [INFO] PluginManage:359 - Loaded plugin ipmanager (category:base,tabindex:5)
2024-09-20 15:12:44,338 [INFO] PluginManage:310 - Check plugin lpbam
2024-09-20 15:12:44,347 [INFO] PluginManage:359 - Loaded plugin lpbam (category:base,tabindex:0)
2024-09-20 15:12:44,347 [INFO] PluginManage:310 - Check plugin memorymap
2024-09-20 15:12:44,358 [INFO] PluginManage:359 - Loaded plugin memorymap (category:base,tabindex:4)
2024-09-20 15:12:44,358 [INFO] PluginManage:310 - Check plugin pinoutandconfiguration
2024-09-20 15:12:44,365 [INFO] PluginManage:359 - Loaded plugin pinoutandconfiguration (category:base,tabindex:1)
2024-09-20 15:12:44,366 [INFO] PluginManage:310 - Check plugin pinoutconfig
2024-09-20 15:12:44,457 [WARN] SupportedApi:132 - Cannot load RTOS API schema: s4s-elt-must-match.1: The content of 'definitions' must match (annotation?, (simpleType | complexType)?, (unique | key | keyref)*)). A problem was found starting at: attribute.
2024-09-20 15:12:44,831 [INFO] PluginManage:359 - Loaded plugin pinoutconfig (category:base,tabindex:0)
2024-09-20 15:12:44,833 [INFO] PluginManage:310 - Check plugin power
2024-09-20 15:12:44,863 [INFO] PluginManage:359 - Loaded plugin power (category:power,tabindex:4)
2024-09-20 15:12:44,863 [INFO] PluginManage:310 - Check plugin projectmanager
2024-09-20 15:12:44,909 [INFO] PluginManage:359 - Loaded plugin projectmanager (category:projectmanager,tabindex:3)
2024-09-20 15:12:44,909 [INFO] PluginManage:310 - Check plugin thirdparty
2024-09-20 15:12:45,146 [INFO] PluginManage:359 - Loaded plugin thirdparty (category:base,tabindex:-1)
2024-09-20 15:12:45,148 [INFO] PluginManage:310 - Check plugin tools
2024-09-20 15:12:45,145 [WARN] IntegrityCheckThread:84 - waiting for thirdparty lock release [integrity check]
2024-09-20 15:12:45,148 [INFO] IntegrityCheckThread:86 - entering critical section [integrity check]
2024-09-20 15:12:45,157 [INFO] ThirdPartyUpdaterWithRetryManager:70 - Updater plugin not ready yet. [1/15]
2024-09-20 15:12:45,159 [INFO] PluginManage:359 - Loaded plugin tools (category:base,tabindex:7)
2024-09-20 15:12:45,159 [INFO] PluginManage:310 - Check plugin tutovideos
2024-09-20 15:12:45,458 [INFO] PluginManage:359 - Loaded plugin tutovideos (category:base,tabindex:-1)
2024-09-20 15:12:45,460 [INFO] PluginManage:310 - Check plugin updater
2024-09-20 15:12:45,497 [INFO] PluginManage:359 - Loaded plugin updater (category:base,tabindex:12)
2024-09-20 15:12:45,498 [INFO] PluginManage:310 - Check plugin userauth
2024-09-20 15:12:45,509 [INFO] UserAuth:114 - Init User Auth plugin
2024-09-20 15:12:45,509 [INFO] PluginManage:359 - Loaded plugin userauth (category:base,tabindex:14)
2024-09-20 15:12:45,511 [INFO] PluginManage:283 - PluginManage : Loaded plugins [17]
2024-09-20 15:12:46,243 [INFO] PinOutPanel:1499 - setPackage(No Configuration,No Configuration)
2024-09-20 15:12:46,309 [INFO] CADModel:165 - CPN selected for project level
2024-09-20 15:12:46,309 [INFO] CADModel:114 - Register for checkConnection events
2024-09-20 15:12:46,321 [INFO] IPUIPlugin:80 - create IPUIPlugin
2024-09-20 15:12:46,322 [INFO] PluginManager:220 - loadIPPluginJar : add mdma
2024-09-20 15:12:46,329 [INFO] IPUIPlugin:80 - create IPUIPlugin
2024-09-20 15:12:46,330 [INFO] PluginManager:220 - loadIPPluginJar : add freertos
2024-09-20 15:12:46,333 [INFO] IPUIPlugin:80 - create IPUIPlugin
2024-09-20 15:12:46,333 [INFO] PluginManager:220 - loadIPPluginJar : add gic
2024-09-20 15:12:46,339 [INFO] IPUIPlugin:80 - create IPUIPlugin
2024-09-20 15:12:46,340 [INFO] PluginManager:220 - loadIPPluginJar : add adc
2024-09-20 15:12:46,342 [INFO] IPUIPlugin:80 - create IPUIPlugin
2024-09-20 15:12:46,342 [INFO] PluginManager:220 - loadIPPluginJar : add gtzc
2024-09-20 15:12:46,343 [INFO] IPUIPlugin:80 - create IPUIPlugin
2024-09-20 15:12:46,343 [INFO] PluginManager:220 - loadIPPluginJar : add quadspi
2024-09-20 15:12:46,346 [INFO] IPUIPlugin:80 - create IPUIPlugin
2024-09-20 15:12:46,346 [INFO] PluginManager:220 - loadIPPluginJar : add aes
2024-09-20 15:12:46,348 [INFO] IPUIPlugin:80 - create IPUIPlugin
2024-09-20 15:12:46,348 [INFO] PluginManager:220 - loadIPPluginJar : add pdm2pcm
2024-09-20 15:12:46,349 [INFO] IPUIPlugin:80 - create IPUIPlugin
2024-09-20 15:12:46,350 [INFO] PluginManager:220 - loadIPPluginJar : add hash
2024-09-20 15:12:46,351 [INFO] IPUIPlugin:80 - create IPUIPlugin
2024-09-20 15:12:46,352 [INFO] PluginManager:220 - loadIPPluginJar : add tim
2024-09-20 15:12:46,352 [INFO] IPUIPlugin:80 - create IPUIPlugin
2024-09-20 15:12:46,352 [INFO] PluginManager:220 - loadIPPluginJar : add tsc
2024-09-20 15:12:46,353 [INFO] IPUIPlugin:80 - create IPUIPlugin
2024-09-20 15:12:46,353 [INFO] PluginManager:220 - loadIPPluginJar : add ts
2024-09-20 15:12:46,355 [INFO] IPUIPlugin:80 - create IPUIPlugin
2024-09-20 15:12:46,355 [INFO] PluginManager:220 - loadIPPluginJar : add can
2024-09-20 15:12:46,358 [INFO] IPUIPlugin:80 - create IPUIPlugin
2024-09-20 15:12:46,358 [INFO] PluginManager:220 - loadIPPluginJar : add dma3
2024-09-20 15:12:46,360 [INFO] IPUIPlugin:80 - create IPUIPlugin
2024-09-20 15:12:46,360 [INFO] PluginManager:220 - loadIPPluginJar : add dfsdm
2024-09-20 15:12:46,361 [INFO] IPUIPlugin:80 - create IPUIPlugin
2024-09-20 15:12:46,361 [INFO] PluginManager:220 - loadIPPluginJar : add spi
2024-09-20 15:12:46,363 [INFO] IPUIPlugin:80 - create IPUIPlugin
2024-09-20 15:12:46,363 [INFO] PluginManager:220 - loadIPPluginJar : add gfxmmu
2024-09-20 15:12:46,364 [INFO] IPUIPlugin:80 - create IPUIPlugin
2024-09-20 15:12:46,364 [INFO] PluginManager:220 - loadIPPluginJar : add genericplugin
2024-09-20 15:12:46,365 [INFO] IPUIPlugin:80 - create IPUIPlugin
2024-09-20 15:12:46,365 [INFO] PluginManager:220 - loadIPPluginJar : add cryp
2024-09-20 15:12:46,368 [INFO] IPUIPlugin:80 - create IPUIPlugin
2024-09-20 15:12:46,368 [INFO] PluginManager:220 - loadIPPluginJar : add gpio
2024-09-20 15:12:46,369 [INFO] IPUIPlugin:80 - create IPUIPlugin
2024-09-20 15:12:46,369 [INFO] PluginManager:220 - loadIPPluginJar : add comp
2024-09-20 15:12:46,371 [INFO] IPUIPlugin:80 - create IPUIPlugin
2024-09-20 15:12:46,371 [INFO] PluginManager:220 - loadIPPluginJar : add tracer_emb
2024-09-20 15:12:46,372 [INFO] IPUIPlugin:80 - create IPUIPlugin
2024-09-20 15:12:46,373 [INFO] PluginManager:220 - loadIPPluginJar : add openamp
2024-09-20 15:12:46,375 [INFO] IPUIPlugin:80 - create IPUIPlugin
2024-09-20 15:12:46,375 [INFO] PluginManager:220 - loadIPPluginJar : add stm32_wpan
2024-09-20 15:12:46,379 [INFO] IPUIPlugin:80 - create IPUIPlugin
2024-09-20 15:12:46,382 [INFO] PluginManager:220 - loadIPPluginJar : add plateformsettings
2024-09-20 15:12:46,385 [INFO] IPUIPlugin:80 - create IPUIPlugin
2024-09-20 15:12:46,385 [INFO] PluginManager:220 - loadIPPluginJar : add ipddr
2024-09-20 15:12:46,387 [INFO] IPUIPlugin:80 - create IPUIPlugin
2024-09-20 15:12:46,388 [INFO] PluginManager:220 - loadIPPluginJar : add usart
2024-09-20 15:12:46,388 [INFO] IPUIPlugin:80 - create IPUIPlugin
2024-09-20 15:12:46,388 [INFO] PluginManager:220 - loadIPPluginJar : add ltdc
2024-09-20 15:12:46,390 [INFO] IPUIPlugin:80 - create IPUIPlugin
2024-09-20 15:12:46,390 [INFO] PluginManager:220 - loadIPPluginJar : add nvic
2024-09-20 15:12:46,391 [INFO] IPUIPlugin:80 - create IPUIPlugin
2024-09-20 15:12:46,391 [INFO] PluginManager:220 - loadIPPluginJar : add fatfs
2024-09-20 15:12:46,395 [INFO] IPUIPlugin:80 - create IPUIPlugin
2024-09-20 15:12:46,395 [INFO] PluginManager:220 - loadIPPluginJar : add linkedlist
2024-09-20 15:12:46,398 [INFO] IPUIPlugin:80 - create IPUIPlugin
2024-09-20 15:12:46,398 [INFO] PluginManager:220 - loadIPPluginJar : add dma
2024-09-20 15:12:46,401 [INFO] IPUIPlugin:80 - create IPUIPlugin
2024-09-20 15:12:46,401 [INFO] PluginManager:220 - loadIPPluginJar : add fmc
2024-09-20 15:12:46,402 [INFO] IPUIPlugin:80 - create IPUIPlugin
2024-09-20 15:12:46,402 [INFO] PluginManager:220 - loadIPPluginJar : add i2s
2024-09-20 15:12:46,403 [INFO] IPUIPlugin:80 - create IPUIPlugin
2024-09-20 15:12:46,403 [INFO] PluginManager:220 - loadIPPluginJar : add ucpd
2024-09-20 15:12:46,404 [INFO] IPUIPlugin:80 - create IPUIPlugin
2024-09-20 15:12:46,405 [INFO] PluginManager:220 - loadIPPluginJar : add lorawan
2024-09-20 15:12:46,407 [INFO] IPUIPlugin:80 - create IPUIPlugin
2024-09-20 15:12:46,407 [INFO] PluginManager:220 - loadIPPluginJar : add opamp
2024-09-20 15:12:46,409 [INFO] IPUIPlugin:80 - create IPUIPlugin
2024-09-20 15:12:46,409 [INFO] PluginManager:220 - loadIPPluginJar : add i3c
2024-09-20 15:12:46,410 [INFO] IPUIPlugin:80 - create IPUIPlugin
2024-09-20 15:12:46,410 [INFO] PluginManager:220 - loadIPPluginJar : add touchsensing
2024-09-20 15:12:46,412 [INFO] IPUIPlugin:80 - create IPUIPlugin
2024-09-20 15:12:46,412 [INFO] PluginManager:220 - loadIPPluginJar : add i2c
2024-09-20 15:12:46,414 [INFO] IPUIPlugin:80 - create IPUIPlugin
2024-09-20 15:12:46,415 [INFO] PluginManager:220 - loadIPPluginJar : add resmgrutility
2024-09-20 15:12:46,417 [INFO] IPUIPlugin:80 - create IPUIPlugin
2024-09-20 15:12:46,417 [INFO] PluginManager:220 - loadIPPluginJar : add sai
2024-09-20 15:12:46,418 [INFO] IPUIPlugin:80 - create IPUIPlugin
2024-09-20 15:12:46,419 [INFO] PluginManager:220 - loadIPPluginJar : add usbx
2024-09-20 15:12:46,558 [INFO] CADModel:165 - CPN selected for project level
2024-09-20 15:12:46,559 [INFO] CADModel:114 - Register for checkConnection events
2024-09-20 15:12:46,559 [FATAL] Updater:308 - Updater called before beeing initialized
2024-09-20 15:12:46,560 [ERROR] CADModel:125 - Updater not yet initialized, retry later 
2024-09-20 15:12:46,858 [INFO] CADModel:165 - CPN selected for project level
2024-09-20 15:12:46,860 [INFO] CADModel:114 - Register for checkConnection events
2024-09-20 15:12:46,860 [FATAL] Updater:308 - Updater called before beeing initialized
2024-09-20 15:12:46,860 [ERROR] CADModel:125 - Updater not yet initialized, retry later 
2024-09-20 15:12:46,870 [FATAL] Updater:308 - Updater called before beeing initialized
2024-09-20 15:12:47,064 [FATAL] Updater:308 - Updater called before beeing initialized
2024-09-20 15:12:47,070 [INFO] DbMcusAds:53 - JSON generation date=Mon Sep 16 07:40:22 PDT 2024 (1726497622318)
2024-09-20 15:12:47,071 [FATAL] Updater:308 - Updater called before beeing initialized
2024-09-20 15:12:47,117 [WARN] DetailPanel:346 - Failed to get advertising image, set to default
2024-09-20 15:12:47,184 [FATAL] Updater:308 - Updater called before beeing initialized
2024-09-20 15:12:47,186 [FATAL] Updater:308 - Updater called before beeing initialized
2024-09-20 15:12:47,186 [FATAL] Updater:308 - Updater called before beeing initialized
2024-09-20 15:12:47,186 [WARN] DetailPanel:346 - Failed to get advertising image, set to default
2024-09-20 15:12:47,187 [FATAL] Updater:308 - Updater called before beeing initialized
2024-09-20 15:12:47,280 [ERROR] Updater:1120 - MainUpdater not yet initialized. External WinMGr cannot be set.
2024-09-20 15:12:47,329 [INFO] Updater:1056 - Updater Version found : 6.10.0
2024-09-20 15:12:47,343 [INFO] ApplicationProperties:184 - Using Application install path: /Applications/STM32CubeIDE.app/Contents/Eclipse/plugins/com.st.stm32cube.common.mx_6.10.0.202311202037
2024-09-20 15:12:47,731 [INFO] MainUpdater:2873 - connection check result : 10
2024-09-20 15:12:47,732 [INFO] MainUpdater:290 - Updater Check For Update Now.
2024-09-20 15:12:47,732 [INFO] MicroXplorer:498 - Change Database Version : DB.6.0.100
2024-09-20 15:12:47,736 [INFO] McuFinderGlobals:63 - Set McuFinder mode to 2 (CubeIDE integrated)
2024-09-20 15:12:48,025 [INFO] CheckServerUpdateThread:120 - End of CheckServer Thread
2024-09-20 15:12:48,049 [INFO] UserAuth:404 - Internet connection configuration mode: 1
2024-09-20 15:12:48,059 [INFO] JxBrowserEngine:152 - Initiate JxBrowser Engine with user profile folder
2024-09-20 15:12:48,407 [WARN] PackLoader:240 - Cannot read IP mode file for STMicroelectronics.FP-SNS-MOTENVWB1.1.4.0
2024-09-20 15:12:48,470 [WARN] PackLoader:240 - Cannot read IP mode file for STMicroelectronics.X-CUBE-SMBUS.2.1.0
2024-09-20 15:12:48,522 [WARN] PackLoader:240 - Cannot read IP mode file for STMicroelectronics.X-CUBE-TOUCHGFX.4.23.0
2024-09-20 15:12:48,534 [WARN] PackLoader:240 - Cannot read IP mode file for STMicroelectronics.X-CUBE-TOUCHGFX.4.23.2
2024-09-20 15:12:48,604 [WARN] PackLoader:240 - Cannot read IP mode file for STMicroelectronics.X-CUBE-AZRTOS-F7.1.1.0
2024-09-20 15:12:48,646 [WARN] PackLoader:240 - Cannot read IP mode file for STMicroelectronics.FP-SNS-MOTENV1.4.3.2
2024-09-20 15:12:48,976 [WARN] PackLoader:240 - Cannot read IP mode file for STMicroelectronics.X-CUBE-MEMS1.11.0.0
2024-09-20 15:12:49,227 [WARN] PackLoader:240 - Cannot read IP mode file for STMicroelectronics.FP-SNS-FLIGHT1.5.0.2
2024-09-20 15:12:49,259 [WARN] PackLoader:240 - Cannot read IP mode file for STMicroelectronics.X-CUBE-DISPLAY.3.0.0
2024-09-20 15:12:49,295 [WARN] PackLoader:240 - Cannot read IP mode file for STMicroelectronics.X-CUBE-BLE1.7.0.0
2024-09-20 15:12:49,321 [WARN] PackLoader:240 - Cannot read IP mode file for emotas.I-CUBE-CANOPEN.1.3.0
2024-09-20 15:12:49,326 [WARN] PackLoader:240 - Cannot read IP mode file for STMicroelectronics.X-CUBE-TOUCHGFX.4.22.1
2024-09-20 15:12:49,351 [WARN] PackLoader:240 - Cannot read IP mode file for STMicroelectronics.X-CUBE-BLEMGR.3.1.0
2024-09-20 15:12:49,362 [WARN] PackLoader:240 - Cannot read IP mode file for STMicroelectronics.FP-SNS-SMARTAG2.1.2.0
2024-09-20 15:12:49,376 [INFO] LogOutputStream:77 - [STDOUT_REDIRECT] 1 : Invalid condition id : UX_CORESTACK_Condition cause : null
2024-09-20 15:12:49,379 [INFO] LogOutputStream:77 - [STDOUT_REDIRECT] 1 : Invalid condition id : UX_CORESTACK_Condition cause : null
2024-09-20 15:12:49,379 [INFO] LogOutputStream:77 - [STDOUT_REDIRECT] 1 : Invalid condition id : UX_CORESTACK_Condition cause : null
2024-09-20 15:12:49,379 [INFO] LogOutputStream:77 - [STDOUT_REDIRECT] 1 : Invalid condition id : UX_CORESTACK_Condition cause : null
2024-09-20 15:12:49,379 [INFO] LogOutputStream:77 - [STDOUT_REDIRECT] 1 : Invalid condition id : UX_CORESTACK_Condition cause : null
2024-09-20 15:12:49,387 [WARN] PackLoader:240 - Cannot read IP mode file for STMicroelectronics.X-CUBE-AZRTOS-WL.2.0.0
2024-09-20 15:12:49,408 [WARN] PackLoader:240 - Cannot read IP mode file for STMicroelectronics.FP-SNS-MOTENV1.5.0.0
2024-09-20 15:12:49,416 [WARN] PackLoader:240 - Cannot read IP mode file for wolfSSL.I-CUBE-wolfMQTT.1.19.0
2024-09-20 15:12:49,425 [WARN] PackLoader:240 - Cannot read IP mode file for WES.I-CUBE-Cesium.1.3.0
2024-09-20 15:12:49,433 [WARN] PackLoader:240 - Cannot read IP mode file for STMicroelectronics.X-CUBE-BLE2.3.3.0
2024-09-20 15:12:49,442 [WARN] PackLoader:240 - Cannot read IP mode file for STMicroelectronics.X-CUBE-TCPP.4.1.0
2024-09-20 15:12:49,458 [WARN] PackLoader:240 - Cannot read IP mode file for STMicroelectronics.X-CUBE-ALGOBUILD.1.3.0
2024-09-20 15:12:49,475 [WARN] PackLoader:240 - Cannot read IP mode file for STMicroelectronics.X-CUBE-AZRTOS-G0.1.1.0
2024-09-20 15:12:49,486 [WARN] PackLoader:240 - Cannot read IP mode file for STMicroelectronics.X-CUBE-SAFEA1.1.2.2
2024-09-20 15:12:49,500 [WARN] PackLoader:240 - Cannot read IP mode file for STMicroelectronics.X-CUBE-NFC4.3.0.0
2024-09-20 15:12:49,527 [WARN] PackLoader:240 - Cannot read IP mode file for EmbeddedOffice.I-CUBE-FS-RTOS.1.0.1
2024-09-20 15:12:49,535 [ERROR] ConditionMgr:805 - Attr not supported : Dmpu
2024-09-20 15:12:49,536 [ERROR] ConditionMgr:805 - Attr not supported : Dmpu
2024-09-20 15:12:49,537 [ERROR] ConditionMgr:805 - Attr not supported : Dmpu
2024-09-20 15:12:49,537 [ERROR] ConditionMgr:805 - Attr not supported : Dmpu
2024-09-20 15:12:49,537 [ERROR] ConditionMgr:805 - Attr not supported : Dmpu
2024-09-20 15:12:49,537 [ERROR] ConditionMgr:805 - Attr not supported : Dmpu
2024-09-20 15:12:49,537 [ERROR] ConditionMgr:805 - Attr not supported : Dmpu
2024-09-20 15:12:49,537 [ERROR] ConditionMgr:805 - Attr not supported : Dmpu
2024-09-20 15:12:49,537 [ERROR] ConditionMgr:805 - Attr not supported : Dmpu
2024-09-20 15:12:49,537 [ERROR] ConditionMgr:805 - Attr not supported : Dmpu
2024-09-20 15:12:49,537 [ERROR] ConditionMgr:805 - Attr not supported : Dmpu
2024-09-20 15:12:49,537 [ERROR] ConditionMgr:805 - Attr not supported : Dmpu
2024-09-20 15:12:49,538 [ERROR] ConditionMgr:805 - Attr not supported : Dmpu
2024-09-20 15:12:49,538 [ERROR] ConditionMgr:805 - Attr not supported : Dmpu
2024-09-20 15:12:49,538 [ERROR] ConditionMgr:805 - Attr not supported : Dmpu
2024-09-20 15:12:49,538 [ERROR] ConditionMgr:805 - Attr not supported : Dmpu
2024-09-20 15:12:49,538 [ERROR] ConditionMgr:805 - Attr not supported : Dmpu
2024-09-20 15:12:49,538 [ERROR] ConditionMgr:805 - Attr not supported : Dmpu
2024-09-20 15:12:49,538 [ERROR] ConditionMgr:805 - Attr not supported : Dmpu
2024-09-20 15:12:49,538 [ERROR] ConditionMgr:805 - Attr not supported : Dmpu
2024-09-20 15:12:49,538 [ERROR] ConditionMgr:805 - Attr not supported : Dmpu
2024-09-20 15:12:49,538 [ERROR] ConditionMgr:805 - Attr not supported : Dmpu
2024-09-20 15:12:49,538 [ERROR] ConditionMgr:805 - Attr not supported : Dmpu
2024-09-20 15:12:49,539 [ERROR] ConditionMgr:805 - Attr not supported : Dmpu
2024-09-20 15:12:49,539 [ERROR] ConditionMgr:805 - Attr not supported : Dmpu
2024-09-20 15:12:49,539 [ERROR] ConditionMgr:805 - Attr not supported : Dmpu
2024-09-20 15:12:49,539 [ERROR] ConditionMgr:805 - Attr not supported : Dmpu
2024-09-20 15:12:49,539 [ERROR] ConditionMgr:805 - Attr not supported : Dmpu
2024-09-20 15:12:49,539 [ERROR] ConditionMgr:805 - Attr not supported : Dmpu
2024-09-20 15:12:49,539 [ERROR] ConditionMgr:805 - Attr not supported : Dmpu
2024-09-20 15:12:49,539 [ERROR] ConditionMgr:805 - Attr not supported : Dmpu
2024-09-20 15:12:49,540 [ERROR] ConditionMgr:805 - Attr not supported : Dmpu
2024-09-20 15:12:49,540 [ERROR] ConditionMgr:805 - Attr not supported : Dmpu
2024-09-20 15:12:49,540 [ERROR] ConditionMgr:805 - Attr not supported : Dmpu
2024-09-20 15:12:49,540 [ERROR] ConditionMgr:805 - Attr not supported : Dmpu
2024-09-20 15:12:49,540 [ERROR] ConditionMgr:805 - Attr not supported : Dmpu
2024-09-20 15:12:49,541 [ERROR] ConditionMgr:805 - Attr not supported : Dmpu
2024-09-20 15:12:49,541 [ERROR] ConditionMgr:805 - Attr not supported : Dmpu
2024-09-20 15:12:49,542 [ERROR] ConditionMgr:805 - Attr not supported : Dmpu
2024-09-20 15:12:49,543 [ERROR] ConditionMgr:805 - Attr not supported : Dmpu
2024-09-20 15:12:49,543 [ERROR] ConditionMgr:805 - Attr not supported : Dmpu
2024-09-20 15:12:49,543 [ERROR] ConditionMgr:805 - Attr not supported : Dmpu
2024-09-20 15:12:49,543 [ERROR] ConditionMgr:805 - Attr not supported : Dmpu
2024-09-20 15:12:49,543 [ERROR] ConditionMgr:805 - Attr not supported : Dmpu
2024-09-20 15:12:49,543 [ERROR] ConditionMgr:805 - Attr not supported : Dmpu
2024-09-20 15:12:49,543 [ERROR] ConditionMgr:805 - Attr not supported : Dmpu
2024-09-20 15:12:49,543 [ERROR] ConditionMgr:805 - Attr not supported : Dmpu
2024-09-20 15:12:49,543 [ERROR] ConditionMgr:805 - Attr not supported : Dmpu
2024-09-20 15:12:49,543 [ERROR] ConditionMgr:805 - Attr not supported : Dmpu
2024-09-20 15:12:49,543 [ERROR] ConditionMgr:805 - Attr not supported : Dmpu
2024-09-20 15:12:49,543 [ERROR] ConditionMgr:805 - Attr not supported : Dmpu
2024-09-20 15:12:49,543 [ERROR] ConditionMgr:805 - Attr not supported : Dmpu
2024-09-20 15:12:49,543 [ERROR] ConditionMgr:805 - Attr not supported : Dmpu
2024-09-20 15:12:49,543 [ERROR] ConditionMgr:805 - Attr not supported : Dmpu
2024-09-20 15:12:49,544 [ERROR] ConditionMgr:805 - Attr not supported : Dmpu
2024-09-20 15:12:49,544 [ERROR] ConditionMgr:805 - Attr not supported : Dmpu
2024-09-20 15:12:49,544 [ERROR] ConditionMgr:805 - Attr not supported : Dmpu
2024-09-20 15:12:49,544 [ERROR] ConditionMgr:805 - Attr not supported : Dmpu
2024-09-20 15:12:49,544 [ERROR] ConditionMgr:805 - Attr not supported : Dmpu
2024-09-20 15:12:49,544 [ERROR] ConditionMgr:805 - Attr not supported : Dmpu
2024-09-20 15:12:49,544 [ERROR] ConditionMgr:805 - Attr not supported : Dmpu
2024-09-20 15:12:49,544 [ERROR] ConditionMgr:805 - Attr not supported : Dmpu
2024-09-20 15:12:49,544 [ERROR] ConditionMgr:805 - Attr not supported : Dmpu
2024-09-20 15:12:49,544 [ERROR] ConditionMgr:805 - Attr not supported : Dmpu
2024-09-20 15:12:49,569 [WARN] PackLoader:240 - Cannot read IP mode file for STMicroelectronics.X-CUBE-BLEMGR.3.0.0
2024-09-20 15:12:49,580 [WARN] PackLoader:240 - Cannot read IP mode file for RealThread.X-CUBE-RT-Thread_Nano.4.1.1
2024-09-20 15:12:49,590 [WARN] PackLoader:240 - Cannot read IP mode file for STMicroelectronics.FP-ATR-SIGFOX1.3.2.0
2024-09-20 15:12:49,602 [WARN] PackLoader:240 - Cannot read IP mode file for STMicroelectronics.X-CUBE-EEPRMA1.5.1.0
2024-09-20 15:12:49,692 [WARN] PackLoader:240 - Cannot read IP mode file for SEGGER.I-CUBE-embOS.1.3.1
2024-09-20 15:12:49,778 [WARN] PackLoader:240 - Cannot read IP mode file for STMicroelectronics.X-CUBE-ALGOBUILD.1.4.0
2024-09-20 15:12:49,787 [WARN] PackLoader:240 - Cannot read IP mode file for STMicroelectronics.X-CUBE-GNSS1.6.0.0
2024-09-20 15:12:49,806 [WARN] PackLoader:240 - Cannot read IP mode file for STMicroelectronics.X-CUBE-AZRTOS-F4.1.1.0
2024-09-20 15:12:49,825 [WARN] PackLoader:240 - Cannot read IP mode file for wolfSSL.I-CUBE-wolfSSL.5.6.3
2024-09-20 15:12:49,833 [WARN] PackLoader:240 - Cannot read IP mode file for STMicroelectronics.X-CUBE-ISPU.2.1.0
2024-09-20 15:12:49,847 [WARN] PackLoader:240 - Cannot read IP mode file for STMicroelectronics.X-CUBE-FREERTOS.1.2.0
2024-09-20 15:12:49,877 [WARN] PackLoader:240 - Cannot read IP mode file for STMicroelectronics.X-CUBE-AZRTOS-L5.2.0.0
2024-09-20 15:12:49,959 [WARN] PackLoader:240 - Cannot read IP mode file for STMicroelectronics.X-CUBE-MEMS1.9.6.0
2024-09-20 15:12:50,086 [WARN] PackLoader:240 - Cannot read IP mode file for STMicroelectronics.X-CUBE-EEPRMA1.4.2.0
2024-09-20 15:12:50,103 [WARN] PackLoader:240 - Cannot read IP mode file for STMicroelectronics.X-CUBE-NFC6.3.1.0
2024-09-20 15:12:50,123 [WARN] PackLoader:240 - Cannot read IP mode file for ITTIA_DB.I-CUBE-ITTIADB.8.8.0
2024-09-20 15:12:50,137 [WARN] PackLoader:240 - Cannot read IP mode file for STMicroelectronics.X-CUBE-BLEMGR.2.0.0
2024-09-20 15:12:50,147 [WARN] PackLoader:240 - Cannot read IP mode file for STMicroelectronics.X-CUBE-DPower.1.2.0
2024-09-20 15:12:50,153 [WARN] PackLoader:240 - Cannot read IP mode file for STMicroelectronics.X-CUBE-AI.9.0.0
2024-09-20 15:12:50,173 [WARN] ConditionMgr:438 - getConditionDescription Invalid condition id : UX DEVICE CLASS RTOS Condition cause : null
2024-09-20 15:12:50,174 [WARN] ConditionMgr:438 - getConditionDescription Invalid condition id : UX DEVICE CLASS RTOS Condition cause : null
2024-09-20 15:12:50,181 [WARN] PackLoader:240 - Cannot read IP mode file for STMicroelectronics.X-CUBE-AZRTOS-H7.3.1.0
2024-09-20 15:12:50,183 [WARN] ConditionMgr:1039 - genDependencies : Invalid condition id : UX DEVICE CLASS RTOS Condition cause : null
2024-09-20 15:12:50,183 [WARN] ConditionMgr:1039 - genDependencies : Invalid condition id : UX DEVICE CLASS RTOS Condition cause : null
2024-09-20 15:12:50,184 [WARN] ConditionMgr:1039 - genDependencies : Invalid condition id : UX DEVICE CLASS RTOS Condition cause : null
2024-09-20 15:12:50,185 [WARN] ConditionMgr:1039 - genDependencies : Invalid condition id : UX DEVICE CLASS RTOS Condition cause : null
2024-09-20 15:12:50,185 [WARN] ConditionMgr:1039 - genDependencies : Invalid condition id : UX DEVICE CLASS RTOS Condition cause : null
2024-09-20 15:12:50,204 [WARN] PackLoader:240 - Cannot read IP mode file for STMicroelectronics.X-CUBE-NFC7.1.0.1
2024-09-20 15:12:50,214 [WARN] PackLoader:240 - Cannot read IP mode file for STMicroelectronics.X-CUBE-NFC6.3.0.0
2024-09-20 15:12:50,220 [WARN] PackLoader:240 - Cannot read IP mode file for STMicroelectronics.X-CUBE-EEPRMA1.4.1.0
2024-09-20 15:12:50,224 [WARN] PackLoader:240 - Cannot read IP mode file for STMicroelectronics.X-CUBE-AI.8.1.0
2024-09-20 15:12:50,255 [WARN] ConditionMgr:438 - getConditionDescription Invalid condition id : LAN8742 Phy interface Condition cause : null
2024-09-20 15:12:50,257 [WARN] PackLoader:240 - Cannot read IP mode file for STMicroelectronics.X-CUBE-AZRTOS-L4.2.0.0
2024-09-20 15:12:50,260 [WARN] ConditionMgr:1039 - genDependencies : Invalid condition id : LAN8742 Phy interface Condition cause : null
2024-09-20 15:12:50,260 [WARN] ConditionMgr:1039 - genDependencies : Invalid condition id : LAN8742 Phy interface Condition cause : null
2024-09-20 15:12:50,261 [WARN] ConditionMgr:1039 - genDependencies : Invalid condition id : LAN8742 Phy interface Condition cause : null
2024-09-20 15:12:50,272 [WARN] PackLoader:240 - Cannot read IP mode file for STMicroelectronics.X-CUBE-SFXS2LP1.4.0.0
2024-09-20 15:12:50,278 [WARN] PackLoader:240 - Cannot read IP mode file for STMicroelectronics.X-CUBE-ISPU.1.1.0
2024-09-20 15:12:50,305 [WARN] PackLoader:240 - Cannot read IP mode file for STMicroelectronics.X-CUBE-AZRTOS-H7.3.3.0
2024-09-20 15:12:50,341 [WARN] ConditionMgr:438 - getConditionDescription Invalid condition id : UX DEVICE CLASS RTOS Condition cause : null
2024-09-20 15:12:50,341 [WARN] ConditionMgr:438 - getConditionDescription Invalid condition id : UX DEVICE CLASS RTOS Condition cause : null
2024-09-20 15:12:50,345 [WARN] PackLoader:240 - Cannot read IP mode file for STMicroelectronics.X-CUBE-AZRTOS-WB.2.0.0
2024-09-20 15:12:50,346 [WARN] ConditionMgr:1039 - genDependencies : Invalid condition id : UX DEVICE CLASS RTOS Condition cause : null
2024-09-20 15:12:50,346 [WARN] ConditionMgr:1039 - genDependencies : Invalid condition id : UX DEVICE CLASS RTOS Condition cause : null
2024-09-20 15:12:50,346 [WARN] ConditionMgr:1039 - genDependencies : Invalid condition id : UX DEVICE CLASS RTOS Condition cause : null
2024-09-20 15:12:50,347 [WARN] ConditionMgr:1039 - genDependencies : Invalid condition id : UX DEVICE CLASS RTOS Condition cause : null
2024-09-20 15:12:50,347 [WARN] ConditionMgr:1039 - genDependencies : Invalid condition id : UX DEVICE CLASS RTOS Condition cause : null
2024-09-20 15:12:50,357 [WARN] PackLoader:240 - Cannot read IP mode file for STMicroelectronics.X-CUBE-GNSS1.7.0.0
2024-09-20 15:12:50,366 [WARN] PackLoader:240 - Cannot read IP mode file for STMicroelectronics.FP-SNS-STBOX1.2.0.0
2024-09-20 15:12:50,383 [WARN] PackLoader:240 - Cannot read IP mode file for STMicroelectronics.X-CUBE-SUBG2.5.0.0
2024-09-20 15:12:50,399 [WARN] PackLoader:240 - Cannot read IP mode file for Cesanta.I-CUBE-Mongoose.7.13.0
2024-09-20 15:12:50,413 [WARN] PackLoader:240 - Cannot read IP mode file for STMicroelectronics.X-CUBE-TOF1.3.3.1
2024-09-20 15:12:50,436 [WARN] PackLoader:240 - Cannot read IP mode file for STMicroelectronics.X-CUBE-AZRTOS-G4.2.0.0
2024-09-20 15:12:50,453 [WARN] PackLoader:240 - Cannot read IP mode file for Infineon.AIROC-Wi-Fi-Bluetooth-STM32.1.5.1
2024-09-20 15:12:50,460 [WARN] PackLoader:240 - Cannot read IP mode file for STMicroelectronics.FP-SNS-MOTENVWB1.1.3.1
2024-09-20 15:12:50,469 [WARN] PackLoader:240 - Cannot read IP mode file for STMicroelectronics.X-CUBE-ISPU.2.0.0
2024-09-20 15:12:50,474 [WARN] PackLoader:240 - Cannot read IP mode file for STMicroelectronics.X-CUBE-ALS.1.0.2
2024-09-20 15:12:50,526 [WARN] PackLoader:240 - Cannot read IP mode file for STMicroelectronics.X-CUBE-MEMS1.10.0.0
2024-09-20 15:12:50,624 [WARN] PackLoader:240 - Cannot read IP mode file for STMicroelectronics.X-CUBE-FREERTOS.1.1.0
2024-09-20 15:12:50,636 [WARN] PackLoader:240 - Cannot read IP mode file for STMicroelectronics.X-CUBE-TOUCHGFX.4.24.0
2024-09-20 15:12:50,644 [WARN] PackLoader:240 - Cannot read IP mode file for wolfSSL.I-CUBE-wolfTPM.3.4.0
2024-09-20 15:12:50,651 [WARN] PackLoader:240 - Cannot read IP mode file for portGmbH.I-Cube-SoM-uGOAL.1.1.0
2024-09-20 15:12:50,671 [WARN] PackLoader:240 - Cannot read IP mode file for STMicroelectronics.X-CUBE-ALS.1.0.1
2024-09-20 15:12:50,708 [WARN] PackLoader:240 - Cannot read IP mode file for STMicroelectronics.X-CUBE-AZRTOS-H7RS.1.0.0
2024-09-20 15:12:50,727 [WARN] PackLoader:240 - Cannot read IP mode file for STMicroelectronics.FP-ATR-ASTRA1.2.0.0
2024-09-20 15:12:50,752 [WARN] PackLoader:240 - Cannot read IP mode file for STMicroelectronics.X-CUBE-TOF1.3.4.2
2024-09-20 15:12:50,794 [WARN] PackLoader:240 - Cannot read IP mode file for STMicroelectronics.X-CUBE-TOF1.3.4.0
2024-09-20 15:12:50,821 [WARN] PackLoader:240 - Cannot read IP mode file for STMicroelectronics.X-CUBE-TOF1.3.4.1
2024-09-20 15:12:50,856 [WARN] PackLoader:240 - Cannot read IP mode file for STMicroelectronics.X-CUBE-AZRTOS-H7.3.2.0
2024-09-20 15:12:50,870 [WARN] PackLoader:240 - Cannot read IP mode file for wolfSSL.I-CUBE-wolfSSH.1.4.17
2024-09-20 15:12:50,874 [INFO] ThirdParty:978 - Integrity check success = true
2024-09-20 15:12:50,874 [INFO] IntegrityCheckThread:100 - exiting critical section [integrity check]
2024-09-20 15:12:50,874 [INFO] IntegrityCheckThread:103 - End integrity checks thread
2024-09-20 15:12:52,282 [INFO] WebApp:161 - Instantiating new browser for Auth
2024-09-20 15:12:52,524 [ERROR] LogOutputStream:75 - [STDERR_REDIRECT] 15:12:52.519 ERROR Chromium process exit code: 139
2024-09-20 15:12:52,524 [ERROR] LogOutputStream:75 - [STDERR_REDIRECT] 
2024-09-20 15:12:52,525 [ERROR] LogOutputStream:75 - [STDERR_REDIRECT] 15:12:52.525 ERROR Crash dump dir: /Users/novelalam/Library/Application Support/JxBrowser/7.35.1/CrashReports
2024-09-20 15:12:52,526 [ERROR] LogOutputStream:75 - [STDERR_REDIRECT] 
2024-09-20 15:12:52,528 [ERROR] WebApp:363 - JxBrowser engine crashed! Exit code: 139
2024-09-20 15:13:13,870 [ERROR] LogOutputStream:75 - [STDERR_REDIRECT] SLF4J: Failed to load class "org.slf4j.impl.StaticLoggerBinder".
2024-09-20 15:13:13,872 [ERROR] LogOutputStream:75 - [STDERR_REDIRECT] SLF4J: Defaulting to no-operation (NOP) logger implementation
2024-09-20 15:13:13,873 [ERROR] LogOutputStream:75 - [STDERR_REDIRECT] SLF4J: See http://www.slf4j.org/codes.html#StaticLoggerBinder for further details.
2024-09-20 15:13:25,435 [ERROR] LogOutputStream:75 - [STDERR_REDIRECT] 
